[18:29:42] [main/INFO]: Loading Minecraft 1.20.4 with Fabric Loader 0.15.10
[18:29:42] [ForkJoinPool-1-worker-2/WARN]: Mod icommon-bundle uses the version bundle which isn't compatible with Loader's extended semantic version format (Could not parse version number component 'bundle'!), SemVer is recommended for reliably evaluating dependencies and prioritizing newer version
[18:29:42] [main/INFO]: Loading 71 mods:
	- audioplayer 1.20.4-1.8.9
	   \-- admiral 0.4.4+1.20.4
	- carpet 1.4.128+v231205
	- cloth-config 13.0.121
	   \-- cloth-basic-math 0.6.1
	- coordfinder 1.20.4-1.0.1
	- craterlib 1.1.0
	- fabric-api 0.97.0+1.20.4
	   |-- fabric-api-base 0.4.37+78d798af4f
	   |-- fabric-api-lookup-api-v1 1.6.50+82b1bb3e4f
	   |-- fabric-biome-api-v1 13.0.17+78d798af4f
	   |-- fabric-block-api-v1 1.0.17+3e2216cb4f
	   |-- fabric-block-view-api-v2 1.0.5+78d798af4f
	   |-- fabric-blockrenderlayer-v1 1.1.47+78d798af4f
	   |-- fabric-client-tags-api-v1 1.1.8+78d798af4f
	   |-- fabric-command-api-v1 1.2.42+f71b366f4f
	   |-- fabric-command-api-v2 2.2.21+78d798af4f
	   |-- fabric-commands-v0 0.2.59+df3654b34f
	   |-- fabric-containers-v0 0.1.87+df3654b34f
	   |-- fabric-content-registries-v0 5.0.16+78d798af4f
	   |-- fabric-convention-tags-v1 1.5.11+78d798af4f
	   |-- fabric-crash-report-info-v1 0.2.24+78d798af4f
	   |-- fabric-data-attachment-api-v1 1.1.5+b90db5744f
	   |-- fabric-data-generation-api-v1 13.2.5+5c0133444f
	   |-- fabric-dimensions-v1 2.1.62+78d798af4f
	   |-- fabric-entity-events-v1 1.6.2+09fc25014f
	   |-- fabric-events-interaction-v0 0.7.2+389931eb4f
	   |-- fabric-events-lifecycle-v0 0.2.75+df3654b34f
	   |-- fabric-game-rule-api-v1 1.0.47+78d798af4f
	   |-- fabric-item-api-v1 2.3.0+bcdd12964f
	   |-- fabric-item-group-api-v1 4.0.27+ee30b13a4f
	   |-- fabric-key-binding-api-v1 1.0.42+78d798af4f
	   |-- fabric-keybindings-v0 0.2.40+df3654b34f
	   |-- fabric-lifecycle-events-v1 2.3.1+a67ffb5d4f
	   |-- fabric-loot-api-v2 2.1.10+78d798af4f
	   |-- fabric-message-api-v1 6.0.6+78d798af4f
	   |-- fabric-mining-level-api-v1 2.1.66+78d798af4f
	   |-- fabric-model-loading-api-v1 1.0.9+78d798af4f
	   |-- fabric-models-v0 0.4.8+9386d8a74f
	   |-- fabric-networking-api-v1 3.1.8+2e5ac5484f
	   |-- fabric-object-builder-api-v1 13.1.0+dba1195c4f
	   |-- fabric-particles-v1 1.1.8+78d798af4f
	   |-- fabric-recipe-api-v1 2.0.21+78d798af4f
	   |-- fabric-registry-sync-v0 4.0.20+ee30b13a4f
	   |-- fabric-renderer-api-v1 3.2.5+78d798af4f
	   |-- fabric-renderer-indigo 1.5.5+78d798af4f
	   |-- fabric-renderer-registries-v1 3.2.54+df3654b34f
	   |-- fabric-rendering-data-attachment-v1 0.3.43+73761d2e4f
	   |-- fabric-rendering-fluids-v1 3.1.2+e761c6694f
	   |-- fabric-rendering-v0 1.1.57+df3654b34f
	   |-- fabric-rendering-v1 3.2.1+6fd945a04f
	   |-- fabric-resource-conditions-api-v1 2.3.15+78d798af4f
	   |-- fabric-resource-loader-v0 0.11.21+ee30b13a4f
	   |-- fabric-screen-api-v1 2.0.18+78d798af4f
	   |-- fabric-screen-handler-api-v1 1.3.56+78d798af4f
	   |-- fabric-sound-api-v1 1.0.18+78d798af4f
	   |-- fabric-transfer-api-v1 4.0.12+90f2d7b14f
	   \-- fabric-transitive-access-wideners-v1 5.0.15+78d798af4f
	- fabricexporter 1.0.11
	- fabricloader 0.15.10
	   \-- mixinextras 0.3.5
	- forgeconfigapiport 20.4.3
	   |-- com_electronwill_night-config_core 3.6.6
	   \-- com_electronwill_night-config_toml 3.6.6
	- icommon-bundle bundle
	   \-- icommon 1.20.2
	- inventorysorter 1.9.0-1.20.4
	   \-- kyrptconfig 1.5.8-1.20.4
	- java 17
	- lithium 0.12.1
	- luckperms 5.4.113
	   \-- fabric-permissions-api-v0 0.2-SNAPSHOT
	- minecraft 1.20.4
	- mr_no_trialchambers 1.2
	- nochatreports 1.20.4-v2.6.0
	- openpartiesandclaims 0.22.0
	- sdlink 3.0.1
	- shulkerplus 1.0.7
	- spark 1.10.58
	   \-- fabric-permissions-api-v0 0.2-SNAPSHOT
	- status 1.20.4-1.0.6
	   \-- fabric-key-binding-api-v1 1.0.39+f4b7e42432
	- vcinteraction 1.20.4-1.0.5
	   \-- polymer-registry-sync-manipulator 0.7.0+1.20.3-rc1
	- viewdistancefix 1.20.4-1.0.1
	- voicechat 1.20.4-2.5.13
	   \-- fabric-key-binding-api-v1 1.0.39+f4b7e42432
[18:29:42] [main/INFO]: SpongePowered MIXIN Subsystem Version=0.8.5 Source=file:/home/platformplayz/servers/Port%2025566%20servers/Cattieah's%20Servers/Season%201/Cattieah%20Server%201.20.4/libraries/net/fabricmc/sponge-mixin/0.13.3+mixin.0.8.5/sponge-mixin-0.13.3+mixin.0.8.5.jar Service=Knot/Fabric Env=SERVER
[18:29:42] [main/INFO]: Compatibility level set to JAVA_17
[18:29:42] [main/WARN]: Reference map 'ForgeConfigAPIPort-Common-refmap.json' for forgeconfigapiport.common.mixins.json could not be read. If this is a development environment you can ignore this message
[18:29:42] [main/INFO]: Loaded configuration file for Lithium: 129 options available, 0 override(s) found
[18:29:43] [main/WARN]: Reference map 'shulkerplus-fabric-refmap.json' for shulkerplus-fabric.mixins.json could not be read. If this is a development environment you can ignore this message
[18:29:43] [main/INFO]: =======================================================
[18:29:43] [main/INFO]:  iCommon - Isaiah's common library for mods.
[18:29:43] [main/INFO]:  Copyright (c) 2018-2023 Isaiah. Running on MC 1.20.4
[18:29:43] [main/INFO]: =======================================================
[18:29:43] [main/INFO]: Applying mixin: MixinMinecraftServer...
[18:29:43] [main/INFO]: Applying mixin: R1_20.MixinMinecraftServer...
[18:29:43] [main/INFO]: Applying mixin: R1_20.MixinEntity...
[18:29:43] [main/INFO]: Applying mixin: R1_20.MixinPlayer...
[18:29:43] [main/INFO]: Applying mixin: R1_20.MixinBlockEntity...
[18:29:43] [main/INFO]: Applying mixin: R1_20.MixinChestBlockEntity...
[18:29:43] [main/INFO]: Lithium detected
[18:29:43] [main/INFO]: Lithium detected
[18:29:43] [main/INFO]: Lithium detected
[18:29:43] [main/INFO]: Lithium detected
[18:29:43] [main/INFO]: Lithium detected
[18:29:43] [main/INFO]: Applying mixin: R1_20.MixinScreenHandler...
[18:29:43] [main/INFO]: Applying mixin: R1_20.MixinChunkGenerator...
[18:29:43] [main/INFO]: Applying mixin: R1_20.MixinPersistentStateManager...
[18:29:43] [main/INFO]: Applying mixin: R1_20.MixinPlayerManager...
[18:29:43] [main/INFO]: Applying mixin: R1_20.MixinHeighttmap...
[18:29:43] [main/INFO]: Applying mixin: R1_20.MixinLeavesBlock...
[18:29:43] [main/INFO]: Applying mixin: R1_20.MixinCat...
[18:29:43] [main/INFO]: Applying mixin: R1_20.MixinWorld_18...
[18:29:43] [main/INFO]: Initializing MixinExtras via com.llamalad7.mixinextras.service.MixinExtrasServiceImpl(version=0.3.5).
[18:29:49] [main/INFO]: iCommon Mod initialized.
[18:29:49] [main/INFO]: Compatibility version 1
[18:29:49] [main/INFO]: [voicechat] Compatibility version 18
[18:29:49] [main/INFO]: [voicechat] Loading plugins
[18:29:49] [main/INFO]: [voicechat] Loaded 2 plugin(s)
[18:29:49] [main/INFO]: [voicechat] Initializing plugins
[18:29:49] [main/INFO]: [voicechat] Initialized 2 plugin(s)
[18:29:49] [main/INFO]: [voicechat] Registering events for 'audioplayer'
[18:29:49] [main/INFO]: [voicechat] Registering events for 'vcinteraction'
[18:29:49] [main/INFO]: Loading Open Parties and Claims!
[18:29:49] [main/INFO]: Registered simple-discord-link.toml successfully!
[18:29:49] [main/INFO]: Encryption is not enabled for JSON DB
[18:29:50] [main/INFO]: Using Webhook for Chat Messages
[18:29:50] [main/INFO]: Using Webhook for Event Messages
[18:29:50] [main/INFO]: Using Webhook for Console Messages
[18:29:50] [main/INFO]: Login Successful!
[18:29:50] [main/WARN]: You specified a resource pack without providing a sha1 hash. Pack will be updated on the client only if you change the name of the pack.
[18:29:50] [main/WARN]: resource-pack-id missing, using default of 59bb0094-48cf-31a8-a8ec-fdf29c564bb1
[18:29:50] [main/INFO]: Environment: Environment[sessionHost=https://sessionserver.mojang.com, servicesHost=https://api.minecraftservices.com, name=PROD]
[18:29:50] [JDA MainWS-ReadThread/INFO]: Connected to WebSocket
[18:29:51] [JDA MainWS-ReadThread/INFO]: Finished Loading!
[18:29:51] [pool-4-thread-5/INFO]: Successfully connected to discord
[18:29:51] [pool-4-thread-5/INFO]: Discord Invite Link for Bot: https://discord.com/api/oauth2/authorize?client_id=1235851826838900777&permissions=2953276436&scope=bot%20applications.commands
[18:29:52] [main/WARN]: Found loot table element validation problem in {loot_tables:minecraft:entities/bat}.pools[2].entries[0]: Unknown loot table called minecraft:entities/reference/extra/bat
[18:29:52] [main/WARN]: Found loot table element validation problem in {loot_tables:minecraft:entities/ender_dragon}.pools[0].entries[0]: Unknown loot table called minecraft:entities/reference/extra/ender_dragon
[18:29:52] [main/INFO]: Loaded 7 recipes
[18:29:53] [main/INFO]: Loaded 1671 advancements
[18:29:53] [main/INFO]: Applied 0 biome modifications to 0 of 64 new biomes in 2.602 ms
[18:29:53] [Server thread/INFO]: Starting background profiler...
[18:29:54] [Server thread/INFO]:         __    
[18:29:54] [Server thread/INFO]:   |    |__)   LuckPerms v5.4.113
[18:29:54] [Server thread/INFO]:   |___ |      Running on Fabric - fabric@0.97.0+1.20.4
[18:29:54] [Server thread/INFO]: 
[18:29:54] [Server thread/INFO]: Loading configuration...
[18:29:54] [Server thread/INFO]: Loading storage provider... [H2]
[18:29:54] [Server thread/INFO]: Loading internal permission managers...
[18:29:54] [Server thread/INFO]: Performing initial data load...
[18:29:54] [Server thread/INFO]: Successfully enabled. (took 461ms)
[18:29:54] [Server thread/INFO]: Setting IServer instance..
[18:29:54] [Server thread/INFO]: Starting minecraft server version 1.20.4
[18:29:54] [Server thread/INFO]: Loading properties
[18:29:54] [Server thread/INFO]: Default game type: SURVIVAL
[18:29:54] [Server thread/INFO]: Generating keypair
[18:29:54] [Server thread/INFO]: Starting Minecraft server on 10.0.0.66:25566
[18:29:54] [Server thread/INFO]: Using epoll channel type
[18:29:54] [Server thread/INFO]: Preparing level "world"
[18:29:54] [Server thread/INFO]: [CM] Loaded 1 settings from carpet.conf
[18:29:54] [Server thread/INFO]: Initializing Open Parties and Claims for the server...
[18:29:54] [Server thread/INFO]: Loading server info!
[18:29:54] [Server thread/INFO]: Loading player configs...
[18:29:54] [Server thread/INFO]: Loaded player configs!
[18:29:54] [Server thread/INFO]: Loading parties...
[18:29:54] [Server thread/INFO]: Loaded parties!
[18:29:54] [Server thread/INFO]: Fixing party inconsistencies...
[18:29:54] [Server thread/INFO]: Registered party system for OPAC: default
[18:29:54] [Server thread/INFO]: Registered permission system for OPAC: luck_perms
[18:29:54] [Server thread/INFO]: Registered permission system for OPAC: permission_api
[18:29:54] [Server thread/INFO]: Setting IWorld for world "world"
[18:29:55] [Server thread/INFO]: Setting IWorld for world "world_the_end"
[18:29:56] [Server thread/INFO]: Setting IWorld for world "world_nether"
[18:29:56] [Server thread/INFO]: Preparing start region for dimension minecraft:overworld
[18:29:58] [Worker-Main-7/INFO]: Preparing spawn area: 0%
[18:29:58] [Worker-Main-4/INFO]: Preparing spawn area: 0%
[18:29:58] [Worker-Main-4/INFO]: Preparing spawn area: 0%
[18:29:58] [Worker-Main-1/INFO]: Preparing spawn area: 0%
[18:29:58] [Worker-Main-1/INFO]: Preparing spawn area: 0%
[18:29:59] [Worker-Main-7/INFO]: Preparing spawn area: 0%
[18:29:59] [Worker-Main-6/INFO]: Preparing spawn area: 13%
[18:30:00] [Server thread/INFO]: Time elapsed: 3469 ms
[18:30:00] [Server thread/INFO]: Done (5.484s)! For help, type "help"
[18:30:00] [Server thread/INFO]: Prometheus exporter server is now listening on port 25585
[18:30:00] [VoiceChatServerThread/INFO]: [voicechat] Voice chat server started at 0.0.0.0:24454
[18:30:00] [Server thread/INFO]: Loading claims...
[18:30:00] [Server thread/INFO]: Loaded claims in 8ms
[18:30:00] [Server thread/WARN]: The configured permission system "prometheus" isn't registered!
[18:30:00] [Server thread/INFO]: Configured OPAC to use the following permission system: luck_perms
[18:30:00] [Server thread/WARN]: The configured primary party system "argonauts_guilds" isn't registered!
[18:30:00] [Server thread/INFO]: Configured OPAC to use the following party system as primary: default
[18:30:19] [Server thread/INFO]: Stopping the server
[18:30:19] [Server thread/INFO]: Starting shutdown process...
[18:30:19] [Server thread/INFO]: Closing storage...
[18:30:19] [Server thread/INFO]: Goodbye!
[18:30:19] [Server thread/INFO]: Stopping server
[18:30:19] [Server thread/INFO]: Saving players
[18:30:19] [Server thread/INFO]: Saving worlds
[18:30:20] [Server thread/INFO]: Saving chunks for level 'ServerLevel[world]'/minecraft:overworld
[18:30:24] [Server thread/INFO]: Saving chunks for level 'ServerLevel[world]'/minecraft:the_end
[18:30:24] [Server thread/INFO]: Saving chunks for level 'ServerLevel[world]'/minecraft:the_nether
[18:30:24] [Server thread/INFO]: ThreadedAnvilChunkStorage (world): All chunks are saved
[18:30:24] [Server thread/INFO]: ThreadedAnvilChunkStorage (DIM1): All chunks are saved
[18:30:24] [Server thread/INFO]: ThreadedAnvilChunkStorage (DIM-1): All chunks are saved
[18:30:24] [Server thread/INFO]: ThreadedAnvilChunkStorage: All dimensions are saved
[18:30:24] [Server thread/INFO]: Stopping IO worker...
[18:30:24] [Server thread/INFO]: Stopped IO worker!
